Arguments: 
  C:\Program Files\nodejs\node.exe C:\Program Files (x86)\Yarn\bin\yarn.js add @materila-ui/core

PATH: 
  F:\2_TASKS\09_React\New folder\paul\node_modules\.bin;C:\Program Files (x86)\Common Files\Oracle\Java\javapath;C:\Windows\system32;C:\Windows;C:\Windows\System32\Wbem;C:\Windows\System32\WindowsPowerShell\v1.0\;C:\Program Files (x86)\NVIDIA Corporation\PhysX\Common;C:\Program Files\Java\jdk1.8.0_231\bin;C:\Program Files\Microsoft VS Code\bin;C:\Program Files\TortoiseGit\bin;C:\Program Files\Git\cmd;C:\Program Files\TortoiseSVN\bin;C:\Program Files (x86)\Yarn\bin\;D:\Xampp\php;C:\OpenSSL-Win64\bin;C:\Program Files\PuTTY\;C:\WINDOWS\system32;C:\WINDOWS;C:\WINDOWS\System32\Wbem;C:\WINDOWS\System32\WindowsPowerShell\v1.0\;C:\WINDOWS\System32\OpenSSH\;C:\Program Files\dotnet\;C:\Program Files\Microsoft SQL Server\130\Tools\Binn\;C:\Program Files\MATLAB\R2018a\runtime\win64;C:\Program Files\MATLAB\R2018a\bin;C:\composer;C:\Program Files\MongoDB\Server\4.2\bin;C:\Users\Administrator\AppData\Local\Android\Sdk;C:\Users\Administrator\AppData\Local\Android\Sdk\tools;C:\Users\Administrator\AppData\Local\Android\Sdk\platform-tools;C:\flutter\bin;%NVM_HOME%;%NVM_SYMLINK%;C:\Users\Administrator\AppData\Local\Programs\Python\Python36\Scripts\;C:\Users\Administrator\AppData\Local\Programs\Python\Python36\;C:\Development\Cocos2d_x\templates;C:\Development\Cocos2d_x\tools\cocos2d-console\bin;C:\Users\Administrator\AppData\Local\Microsoft\WindowsApps;C:\Program Files\JetBrains\PhpStorm 2019.1.2\bin;C:\Users\Administrator\AppData\Local\GitHubDesktop\bin;C:\Program Files\JetBrains\PhpStorm 2019.1.2\bin;;C:\Users\Administrator\AppData\Local\Yarn\bin;C:\Users\Administrator\AppData\Roaming\Composer\vendor\bin;C:\Users\Administrator\AppData\Local\Microsoft\WindowsApps;C:\Program Files\JetBrains\PyCharm 2019.2\bin;;C:\Program Files\Java\jdk1.8.0_231\bin;C:\Users\Administrator\AppData\Roaming\npm;C:\Users\Administrator\AppData\Roaming\nvm;C:\Program Files\nodejs

Yarn version: 
  1.19.1

Node version: 
  13.8.0

Platform: 
  win32 x64

Trace: 
  Error: https://registry.yarnpkg.com/@materila-ui%2fcore: Not found
      at Request.params.callback [as _callback] (C:\Program Files (x86)\Yarn\lib\cli.js:66035:18)
      at Request.self.callback (C:\Program Files (x86)\Yarn\lib\cli.js:140564:22)
      at Request.emit (events.js:321:20)
      at Request.<anonymous> (C:\Program Files (x86)\Yarn\lib\cli.js:141536:10)
      at Request.emit (events.js:321:20)
      at IncomingMessage.<anonymous> (C:\Program Files (x86)\Yarn\lib\cli.js:141458:12)
      at Object.onceWrapper (events.js:427:28)
      at IncomingMessage.emit (events.js:333:22)
      at endReadableNT (_stream_readable.js:1201:12)
      at processTicksAndRejections (internal/process/task_queues.js:84:21)

npm manifest: 
  {
    "name": "imAGINE",
    "version": "1.0.0",
    "description": "imAGINE - Digital Signage",
    "main": "index.js",
    "scripts": {
      "dev": "node server.js -p $PORT",
      "build": "next build",
      "start": "NODE_ENV=production node server.js -p $PORT"
    },
    "keywords": [
      "next.js",
      "react.js",
      "node.js"
    ],
    "author": "Super Dev",
    "license": "ISC",
    "dependencies": {
      "@material-ui/core": "^4.8.1",
      "@zeit/next-css": "^1.0.1",
      "@zeit/next-sass": "^1.0.1",
      "axios": "^0.19.0",
      "body-parser": "^1.19.0",
      "compression": "^1.7.4",
      "cors": "^2.8.5",
      "express": "^4.17.1",
      "imagemin-mozjpeg": "^8.0.0",
      "imagemin-optipng": "^7.0.0",
      "imagemin-svgo": "^7.0.0",
      "lazysizes": "^5.2.0",
      "less": "^3.9.0",
      "next": "^8.1.0",
      "next-compose-plugins": "^2.2.0",
      "next-fonts": "^0.17.0",
      "next-optimized-images": "^2.5.3",
      "next-redux-wrapper": "^3.0.0-alpha.3",
      "next-routes": "^1.4.2",
      "next-seo": "^2.0.0",
      "node-sass": "^4.12.0",
      "path": "^0.12.7",
      "react": "^16.8.6",
      "react-accessible-accordion": "^3.0.0",
      "react-confirm-alert": "^2.6.1",
      "react-cool-img": "^1.0.19",
      "react-countup": "^4.1.3",
      "react-dom": "^16.8.6",
      "react-google-maps": "^9.4.5",
      "react-google-recaptcha": "^2.0.1",
      "react-image-lightbox": "^5.1.0",
      "react-modal-video": "^1.2.2",
      "react-no-ssr": "^1.1.0",
      "react-owl-carousel3": "^2.2.5",
      "react-preloading-screen": "^1.0.2",
      "react-redux": "^7.1.0",
      "react-stripe-checkout": "^2.6.3",
      "react-visibility-sensor": "^5.0.2",
      "recompose": "^0.30.0",
      "redux": "^4.0.4",
      "redux-devtools-extension": "^2.13.8",
      "redux-thunk": "^2.3.0",
      "resize-optimize-images": "^1.1.0",
      "stripe": "^7.6.1",
      "wowjs": "^1.1.3"
    },
    "devDependencies": {}
  }

yarn manifest: 
  No manifest

Lockfile: 
  No lockfile
